<?xml version="1.0" encoding="UTF-8"?>
<!-- Generated by org.testng.reporters.JUnitReportReporter -->
<testsuite skipped="0" hostname="DESKTOP-5FUCR6M" name="TestNGPackage.DataProviderTask" tests="3" failures="0" timestamp="2020-07-23T19:35:54 EDT" time="20.121" errors="0">
  <testcase name="freeCrm" time="5.959" classname="TestNGPackage.DataProviderTask"/>
  <system-out/>
  <testcase name="freeCrm" time="6.286" classname="TestNGPackage.DataProviderTask"/>
  <system-out/>
  <testcase name="freeCrm" time="7.876" classname="TestNGPackage.DataProviderTask"/>
  <system-out/>
</testsuite> <!-- TestNGPackage.DataProviderTask -->
