<?xml version="1.0" encoding="UTF-8"?>
<!-- Generated by org.testng.reporters.JUnitReportReporter -->
<testsuite skipped="0" hostname="DESKTOP-5FUCR6M" name="TestNGPackage.TestNGClass" tests="1" failures="0" timestamp="2020-07-15T20:30:28 EDT" time="0.005" errors="0">
  <testcase name="f" time="0.005" classname="TestNGPackage.TestNGClass"/>
  <system-out/>
</testsuite> <!-- TestNGPackage.TestNGClass -->
