<?xml version="1.0" encoding="UTF-8"?>
<!-- Generated by org.testng.reporters.JUnitReportReporter -->
<testsuite skipped="0" hostname="DESKTOP-5FUCR6M" name="TestNGPackage.AnnotationPractice" tests="2" failures="0" timestamp="2020-07-16T14:07:08 EDT" time="0.012" errors="0">
  <testcase name="method1" time="0.002" classname="TestNGPackage.AnnotationPractice"/>
  <system-out/>
  <testcase name="annotaion" time="0.010" classname="TestNGPackage.AnnotationPractice"/>
  <system-out/>
</testsuite> <!-- TestNGPackage.AnnotationPractice -->
