<?xml version="1.0" encoding="UTF-8"?>
<!-- Generated by org.testng.reporters.JUnitReportReporter -->
<testsuite skipped="0" hostname="DESKTOP-5FUCR6M" name="kamalaInstructor.TestingJenkinGithup" tests="1" failures="0" timestamp="2020-08-07T23:50:38 EDT" time="0.009" errors="0">
  <testcase name="Hello" time="0.009" classname="kamalaInstructor.TestingJenkinGithup"/>
  <system-out/>
</testsuite> <!-- kamalaInstructor.TestingJenkinGithup -->
